13:28:58.664 [main] INFO  testCases.TC_Addadminusers - **** Login page automation start ****
13:28:59.547 [main] INFO  testCases.TC_Addadminusers - Entered username
13:28:59.681 [main] INFO  testCases.TC_Addadminusers - Entered password
13:29:05.394 [main] INFO  testCases.TC_Addadminusers - Providing admin details
13:29:08.168 [main] INFO  testCases.TC_Addadminusers - Automation script finished
13:57:38.939 [main] INFO  testCases.TC_Addadminusers - **** Login page automation start ****
13:57:39.611 [main] INFO  testCases.TC_Addadminusers - Entered username
13:57:39.714 [main] INFO  testCases.TC_Addadminusers - Entered password
13:57:44.800 [main] INFO  testCases.TC_Addadminusers - Providing admin details
13:57:47.890 [main] INFO  testCases.TC_Addadminusers - Automation script finished
14:05:05.488 [main] INFO  testCases.TC_Addadminusers - **** Login page automation start ****
14:05:05.931 [main] INFO  testCases.TC_Addadminusers - Entered username
14:05:06.072 [main] INFO  testCases.TC_Addadminusers - Entered password
14:05:10.621 [main] INFO  testCases.TC_Addadminusers - Providing admin details
14:05:14.071 [main] INFO  testCases.TC_Addadminusers - Automation script finished
22:54:08.506 [main] INFO  testCases.TC_Addadminusers - **** Login page automation start ****
22:54:09.625 [main] INFO  testCases.TC_Addadminusers - Entered username
22:54:09.751 [main] INFO  testCases.TC_Addadminusers - Entered password
22:54:15.401 [main] INFO  testCases.TC_Addadminusers - Providing admin details
22:54:18.360 [main] INFO  testCases.TC_Addadminusers - Automation script finished
20:57:47.431 [main] INFO  testCases.TC_Addadminusers - **** Login page automation start ****
20:57:49.671 [main] INFO  testCases.TC_Addadminusers - Entered username
20:57:49.770 [main] INFO  testCases.TC_Addadminusers - Entered password
20:57:59.061 [main] INFO  testCases.TC_Addadminusers - Providing admin details
20:58:02.909 [main] INFO  testCases.TC_Addadminusers - Automation script finished
13:20:07.169 [main] INFO  testCases.TC_Addadminusers - **** Login page automation start ****
13:20:08.161 [main] INFO  testCases.TC_Addadminusers - Entered username
13:20:08.359 [main] INFO  testCases.TC_Addadminusers - Entered password
13:20:13.278 [main] INFO  testCases.TC_Addadminusers - Providing admin details
13:20:34.136 [main] ERROR testCases.TC_Addadminusers - Test failed: no such element: Unable to locate element: {"method":"xpath","selector":"//span[normalize-space()='A8DCo 4Ys 010Z']"}
  (Session info: chrome=141.0.7390.108)
For documentation on this error, please visit: https://www.selenium.dev/documentation/webdriver/troubleshooting/errors#no-such-element-exception
Build info: version: '4.35.0', revision: '1c58e5028b'
System info: os.name: 'Windows 11', os.arch: 'amd64', os.version: '10.0', java.version: '23'
Driver info: org.openqa.selenium.chrome.ChromeDriver
Command: [2f303e04a984844c5ebe3fee6fcb6986, findElement {using=xpath, value=//span[normalize-space()='A8DCo 4Ys 010Z']}]
Capabilities {acceptInsecureCerts: false, browserName: chrome, browserVersion: 141.0.7390.108, chrome: {chromedriverVersion: 141.0.7390.122 (b477534e7e1..., userDataDir: C:\Users\SURYAD~1\AppData\L...}, fedcm:accounts: true, goog:chromeOptions: {debuggerAddress: localhost:54993}, networkConnectionEnabled: false, pageLoadStrategy: normal, platformName: windows, proxy: Proxy(), se:cdp: ws://localhost:54993/devtoo..., se:cdpVersion: 141.0.7390.108, setWindowRect: true, strictFileInteractability: false, timeouts: {implicit: 0, pageLoad: 300000, script: 30000}, unhandledPromptBehavior: dismiss and notify, webauthn:extension:credBlob: true, webauthn:extension:largeBlob: true, webauthn:extension:minPinLength: true, webauthn:extension:prf: true, webauthn:virtualAuthenticators: true}
Session ID: 2f303e04a984844c5ebe3fee6fcb6986
13:24:03.420 [main] INFO  testCases.TC_Addadminusers - **** Login page automation start ****
13:24:04.115 [main] INFO  testCases.TC_Addadminusers - Entered username
13:24:04.206 [main] INFO  testCases.TC_Addadminusers - Entered password
13:24:09.282 [main] INFO  testCases.TC_Addadminusers - Providing admin details
13:24:30.209 [main] ERROR testCases.TC_Addadminusers - Test failed: no such element: Unable to locate element: {"method":"xpath","selector":"//span[normalize-space()='A8DCo 4Ys 010Z']"}
  (Session info: chrome=141.0.7390.108)
For documentation on this error, please visit: https://www.selenium.dev/documentation/webdriver/troubleshooting/errors#no-such-element-exception
Build info: version: '4.35.0', revision: '1c58e5028b'
System info: os.name: 'Windows 11', os.arch: 'amd64', os.version: '10.0', java.version: '23'
Driver info: org.openqa.selenium.chrome.ChromeDriver
Command: [e22b01629896b4e81171f291c5c43542, findElement {using=xpath, value=//span[normalize-space()='A8DCo 4Ys 010Z']}]
Capabilities {acceptInsecureCerts: false, browserName: chrome, browserVersion: 141.0.7390.108, chrome: {chromedriverVersion: 141.0.7390.122 (b477534e7e1..., userDataDir: C:\Users\SURYAD~1\AppData\L...}, fedcm:accounts: true, goog:chromeOptions: {debuggerAddress: localhost:56531}, networkConnectionEnabled: false, pageLoadStrategy: normal, platformName: windows, proxy: Proxy(), se:cdp: ws://localhost:56531/devtoo..., se:cdpVersion: 141.0.7390.108, setWindowRect: true, strictFileInteractability: false, timeouts: {implicit: 0, pageLoad: 300000, script: 30000}, unhandledPromptBehavior: dismiss and notify, webauthn:extension:credBlob: true, webauthn:extension:largeBlob: true, webauthn:extension:minPinLength: true, webauthn:extension:prf: true, webauthn:virtualAuthenticators: true}
Session ID: e22b01629896b4e81171f291c5c43542
13:27:07.890 [main] INFO  testCases.TC_Addadminusers - **** Login page automation start ****
13:27:09.083 [main] INFO  testCases.TC_Addadminusers - Entered username
13:27:09.178 [main] INFO  testCases.TC_Addadminusers - Entered password
13:27:14.660 [main] INFO  testCases.TC_Addadminusers - Providing admin details
13:27:17.406 [main] INFO  testCases.TC_Addadminusers - Automation script finished
